1712764005.195266 client started (79699): version 3.4, socket /private/tmp/tmux-504/default, protocol 8
1712764005.195356 on Darwin 23.4.0 Darwin Kernel Version 23.4.0: Wed Feb 21 21:45:49 PST 2024; root:xnu-10063.101.15~2/RELEASE_ARM64_T6020
1712764005.195382 using libevent 2.1.12-stable select
1712764005.195413 using utf8proc 2.9.0
1712764005.195426 using ncurses 6.4 20221231
1712764005.195456 flags are 0x18010000
1712764005.195469 socket is /private/tmp/tmux-504/default
1712764005.195503 trying connect
1712764005.195532 connect failed: No such file or directory
1712764005.195619 lock file is /private/tmp/tmux-504/default.lock
1712764005.195736 flock succeeded
1712764005.195752 got lock (6)
1712764005.195767 trying connect
1712764005.195788 connect failed: No such file or directory
1712764005.196277 add peer 0x118008000: 7 (0x0)
1712764005.198702 sending message 100 to peer 0x118008000 (4 bytes)
1712764005.198713 sending message 111 to peer 0x118008000 (8 bytes)
1712764005.198721 sending message 101 to peer 0x118008000 (12 bytes)
1712764005.198736 sending message 109 to peer 0x118008000 (4 bytes)
1712764005.198743 sending message 102 to peer 0x118008000 (13 bytes)
1712764005.198751 sending message 108 to peer 0x118008000 (28 bytes)
1712764005.198763 sending message 112 to peer 0x118008000 (70 bytes)
1712764005.198771 sending message 112 to peer 0x118008000 (5 bytes)
1712764005.198778 sending message 112 to peer 0x118008000 (6 bytes)
1712764005.198787 sending message 112 to peer 0x118008000 (6 bytes)
1712764005.198795 sending message 112 to peer 0x118008000 (10 bytes)
1712764005.198803 sending message 112 to peer 0x118008000 (13 bytes)
1712764005.198811 sending message 112 to peer 0x118008000 (14 bytes)
1712764005.198823 sending message 112 to peer 0x118008000 (19 bytes)
1712764005.198833 sending message 112 to peer 0x118008000 (11 bytes)
1712764005.198840 sending message 112 to peer 0x118008000 (10 bytes)
1712764005.198848 sending message 112 to peer 0x118008000 (15 bytes)
1712764005.198855 sending message 112 to peer 0x118008000 (21 bytes)
1712764005.198862 sending message 112 to peer 0x118008000 (13 bytes)
1712764005.198875 sending message 112 to peer 0x118008000 (7 bytes)
1712764005.198882 sending message 112 to peer 0x118008000 (13 bytes)
1712764005.198890 sending message 112 to peer 0x118008000 (7 bytes)
1712764005.198899 sending message 112 to peer 0x118008000 (13 bytes)
1712764005.198907 sending message 112 to peer 0x118008000 (9 bytes)
1712764005.198914 sending message 112 to peer 0x118008000 (21 bytes)
1712764005.198925 sending message 112 to peer 0x118008000 (13 bytes)
1712764005.198933 sending message 112 to peer 0x118008000 (9 bytes)
1712764005.198940 sending message 112 to peer 0x118008000 (16 bytes)
1712764005.198956 sending message 112 to peer 0x118008000 (13 bytes)
1712764005.198969 sending message 112 to peer 0x118008000 (9 bytes)
1712764005.198977 sending message 112 to peer 0x118008000 (9 bytes)
1712764005.198985 sending message 112 to peer 0x118008000 (12 bytes)
1712764005.198995 sending message 112 to peer 0x118008000 (8 bytes)
1712764005.199010 sending message 112 to peer 0x118008000 (13 bytes)
1712764005.199017 sending message 112 to peer 0x118008000 (7 bytes)
1712764005.199025 sending message 112 to peer 0x118008000 (7 bytes)
1712764005.199033 sending message 112 to peer 0x118008000 (9 bytes)
1712764005.199041 sending message 112 to peer 0x118008000 (6 bytes)
1712764005.199048 sending message 112 to peer 0x118008000 (9 bytes)
1712764005.199056 sending message 112 to peer 0x118008000 (15 bytes)
1712764005.199064 sending message 112 to peer 0x118008000 (13 bytes)
1712764005.199071 sending message 112 to peer 0x118008000 (12 bytes)
1712764005.199083 sending message 112 to peer 0x118008000 (8 bytes)
1712764005.199090 sending message 112 to peer 0x118008000 (14 bytes)
1712764005.199098 sending message 112 to peer 0x118008000 (9 bytes)
1712764005.199105 sending message 112 to peer 0x118008000 (10 bytes)
1712764005.199113 sending message 112 to peer 0x118008000 (10 bytes)
1712764005.199122 sending message 112 to peer 0x118008000 (10 bytes)
1712764005.199140 sending message 112 to peer 0x118008000 (10 bytes)
1712764005.199146 sending message 112 to peer 0x118008000 (11 bytes)
1712764005.199154 sending message 112 to peer 0x118008000 (12 bytes)
1712764005.199160 sending message 112 to peer 0x118008000 (12 bytes)
1712764005.199166 sending message 112 to peer 0x118008000 (12 bytes)
1712764005.199178 sending message 112 to peer 0x118008000 (12 bytes)
1712764005.199184 sending message 112 to peer 0x118008000 (12 bytes)
1712764005.199191 sending message 112 to peer 0x118008000 (11 bytes)
1712764005.199197 sending message 112 to peer 0x118008000 (11 bytes)
1712764005.199204 sending message 112 to peer 0x118008000 (12 bytes)
1712764005.199217 sending message 112 to peer 0x118008000 (12 bytes)
1712764005.199223 sending message 112 to peer 0x118008000 (12 bytes)
1712764005.199231 sending message 112 to peer 0x118008000 (12 bytes)
1712764005.199238 sending message 112 to peer 0x118008000 (12 bytes)
1712764005.199247 sending message 112 to peer 0x118008000 (9 bytes)
1712764005.199255 sending message 112 to peer 0x118008000 (12 bytes)
1712764005.199263 sending message 112 to peer 0x118008000 (13 bytes)
1712764005.199270 sending message 112 to peer 0x118008000 (13 bytes)
1712764005.199277 sending message 112 to peer 0x118008000 (13 bytes)
1712764005.199283 sending message 112 to peer 0x118008000 (13 bytes)
1712764005.199289 sending message 112 to peer 0x118008000 (13 bytes)
1712764005.199296 sending message 112 to peer 0x118008000 (8 bytes)
1712764005.199302 sending message 112 to peer 0x118008000 (11 bytes)
1712764005.199309 sending message 112 to peer 0x118008000 (11 bytes)
1712764005.199315 sending message 112 to peer 0x118008000 (11 bytes)
1712764005.199322 sending message 112 to peer 0x118008000 (12 bytes)
1712764005.199328 sending message 112 to peer 0x118008000 (12 bytes)
1712764005.199334 sending message 112 to peer 0x118008000 (13 bytes)
1712764005.199341 sending message 112 to peer 0x118008000 (12 bytes)
1712764005.199348 sending message 112 to peer 0x118008000 (13 bytes)
1712764005.199354 sending message 112 to peer 0x118008000 (13 bytes)
1712764005.199360 sending message 112 to peer 0x118008000 (13 bytes)
1712764005.199366 sending message 112 to peer 0x118008000 (8 bytes)
1712764005.199373 sending message 112 to peer 0x118008000 (13 bytes)
1712764005.199379 sending message 112 to peer 0x118008000 (13 bytes)
1712764005.199385 sending message 112 to peer 0x118008000 (13 bytes)
1712764005.199392 sending message 112 to peer 0x118008000 (13 bytes)
1712764005.199398 sending message 112 to peer 0x118008000 (13 bytes)
1712764005.199404 sending message 112 to peer 0x118008000 (12 bytes)
1712764005.199411 sending message 112 to peer 0x118008000 (12 bytes)
1712764005.199418 sending message 112 to peer 0x118008000 (13 bytes)
1712764005.199426 sending message 112 to peer 0x118008000 (12 bytes)
1712764005.199433 sending message 112 to peer 0x118008000 (13 bytes)
1712764005.199439 sending message 112 to peer 0x118008000 (8 bytes)
1712764005.199445 sending message 112 to peer 0x118008000 (13 bytes)
1712764005.199451 sending message 112 to peer 0x118008000 (13 bytes)
1712764005.199458 sending message 112 to peer 0x118008000 (13 bytes)
1712764005.199464 sending message 112 to peer 0x118008000 (13 bytes)
1712764005.199475 sending message 112 to peer 0x118008000 (13 bytes)
1712764005.199482 sending message 112 to peer 0x118008000 (13 bytes)
1712764005.199493 sending message 112 to peer 0x118008000 (13 bytes)
1712764005.199499 sending message 112 to peer 0x118008000 (12 bytes)
1712764005.199505 sending message 112 to peer 0x118008000 (12 bytes)
1712764005.199512 sending message 112 to peer 0x118008000 (13 bytes)
1712764005.199519 sending message 112 to peer 0x118008000 (8 bytes)
1712764005.199526 sending message 112 to peer 0x118008000 (12 bytes)
1712764005.199532 sending message 112 to peer 0x118008000 (13 bytes)
1712764005.199539 sending message 112 to peer 0x118008000 (13 bytes)
1712764005.199545 sending message 112 to peer 0x118008000 (13 bytes)
1712764005.199556 sending message 112 to peer 0x118008000 (13 bytes)
1712764005.199563 sending message 112 to peer 0x118008000 (13 bytes)
1712764005.199570 sending message 112 to peer 0x118008000 (13 bytes)
1712764005.199577 sending message 112 to peer 0x118008000 (13 bytes)
1712764005.199583 sending message 112 to peer 0x118008000 (13 bytes)
1712764005.199590 sending message 112 to peer 0x118008000 (12 bytes)
1712764005.199596 sending message 112 to peer 0x118008000 (10 bytes)
1712764005.199603 sending message 112 to peer 0x118008000 (12 bytes)
1712764005.199609 sending message 112 to peer 0x118008000 (13 bytes)
1712764005.199615 sending message 112 to peer 0x118008000 (12 bytes)
1712764005.199622 sending message 112 to peer 0x118008000 (13 bytes)
1712764005.199628 sending message 112 to peer 0x118008000 (13 bytes)
1712764005.199634 sending message 112 to peer 0x118008000 (13 bytes)
1712764005.199645 sending message 112 to peer 0x118008000 (13 bytes)
1712764005.199651 sending message 112 to peer 0x118008000 (13 bytes)
1712764005.199657 sending message 112 to peer 0x118008000 (13 bytes)
1712764005.199663 sending message 112 to peer 0x118008000 (13 bytes)
1712764005.199669 sending message 112 to peer 0x118008000 (10 bytes)
1712764005.199675 sending message 112 to peer 0x118008000 (13 bytes)
1712764005.199682 sending message 112 to peer 0x118008000 (12 bytes)
1712764005.199688 sending message 112 to peer 0x118008000 (12 bytes)
1712764005.199694 sending message 112 to peer 0x118008000 (13 bytes)
1712764005.199701 sending message 112 to peer 0x118008000 (10 bytes)
1712764005.199707 sending message 112 to peer 0x118008000 (10 bytes)
1712764005.199718 sending message 112 to peer 0x118008000 (10 bytes)
1712764005.199724 sending message 112 to peer 0x118008000 (12 bytes)
1712764005.199730 sending message 112 to peer 0x118008000 (13 bytes)
1712764005.199737 sending message 112 to peer 0x118008000 (13 bytes)
1712764005.199743 sending message 112 to peer 0x118008000 (13 bytes)
1712764005.199749 sending message 112 to peer 0x118008000 (13 bytes)
1712764005.199755 sending message 112 to peer 0x118008000 (13 bytes)
1712764005.199761 sending message 112 to peer 0x118008000 (10 bytes)
1712764005.199767 sending message 112 to peer 0x118008000 (11 bytes)
1712764005.199773 sending message 112 to peer 0x118008000 (12 bytes)
1712764005.199780 sending message 112 to peer 0x118008000 (12 bytes)
1712764005.199787 sending message 112 to peer 0x118008000 (12 bytes)
1712764005.199794 sending message 112 to peer 0x118008000 (12 bytes)
1712764005.199806 sending message 112 to peer 0x118008000 (12 bytes)
1712764005.199812 sending message 112 to peer 0x118008000 (11 bytes)
1712764005.199819 sending message 112 to peer 0x118008000 (12 bytes)
1712764005.199826 sending message 112 to peer 0x118008000 (12 bytes)
1712764005.199834 sending message 112 to peer 0x118008000 (13 bytes)
1712764005.199843 sending message 112 to peer 0x118008000 (13 bytes)
1712764005.199850 sending message 112 to peer 0x118008000 (13 bytes)
1712764005.199857 sending message 112 to peer 0x118008000 (13 bytes)
1712764005.199863 sending message 112 to peer 0x118008000 (13 bytes)
1712764005.199870 sending message 112 to peer 0x118008000 (10 bytes)
1712764005.199876 sending message 112 to peer 0x118008000 (9 bytes)
1712764005.199883 sending message 112 to peer 0x118008000 (12 bytes)
1712764005.199889 sending message 112 to peer 0x118008000 (13 bytes)
1712764005.199895 sending message 112 to peer 0x118008000 (13 bytes)
1712764005.199902 sending message 112 to peer 0x118008000 (13 bytes)
1712764005.199908 sending message 112 to peer 0x118008000 (13 bytes)
1712764005.199914 sending message 112 to peer 0x118008000 (13 bytes)
1712764005.199920 sending message 112 to peer 0x118008000 (9 bytes)
1712764005.199927 sending message 112 to peer 0x118008000 (12 bytes)
1712764005.199933 sending message 112 to peer 0x118008000 (13 bytes)
1712764005.199939 sending message 112 to peer 0x118008000 (13 bytes)
1712764005.199946 sending message 112 to peer 0x118008000 (13 bytes)
1712764005.199952 sending message 112 to peer 0x118008000 (13 bytes)
1712764005.199962 sending message 112 to peer 0x118008000 (13 bytes)
1712764005.199969 sending message 112 to peer 0x118008000 (11 bytes)
1712764005.199974 sending message 112 to peer 0x118008000 (12 bytes)
1712764005.199987 sending message 112 to peer 0x118008000 (13 bytes)
1712764005.199993 sending message 112 to peer 0x118008000 (13 bytes)
1712764005.199999 sending message 112 to peer 0x118008000 (13 bytes)
1712764005.200006 sending message 112 to peer 0x118008000 (13 bytes)
1712764005.200015 sending message 112 to peer 0x118008000 (13 bytes)
1712764005.200020 sending message 112 to peer 0x118008000 (11 bytes)
1712764005.200027 sending message 112 to peer 0x118008000 (12 bytes)
1712764005.200037 sending message 112 to peer 0x118008000 (12 bytes)
1712764005.200044 sending message 112 to peer 0x118008000 (12 bytes)
1712764005.200049 sending message 112 to peer 0x118008000 (12 bytes)
1712764005.200054 sending message 112 to peer 0x118008000 (12 bytes)
1712764005.200059 sending message 112 to peer 0x118008000 (22 bytes)
1712764005.200082 sending message 112 to peer 0x118008000 (12 bytes)
1712764005.200099 sending message 112 to peer 0x118008000 (9 bytes)
1712764005.200108 sending message 112 to peer 0x118008000 (6 bytes)
1712764005.200115 sending message 112 to peer 0x118008000 (13 bytes)
1712764005.200122 sending message 112 to peer 0x118008000 (10 bytes)
1712764005.200130 sending message 112 to peer 0x118008000 (15 bytes)
1712764005.200138 sending message 112 to peer 0x118008000 (11 bytes)
1712764005.200152 sending message 112 to peer 0x118008000 (9 bytes)
1712764005.200159 sending message 112 to peer 0x118008000 (70 bytes)
1712764005.200169 sending message 112 to peer 0x118008000 (69 bytes)
1712764005.200182 sending message 112 to peer 0x118008000 (34 bytes)
1712764005.200189 sending message 112 to peer 0x118008000 (34 bytes)
1712764005.200195 sending message 112 to peer 0x118008000 (69 bytes)
1712764005.200201 sending message 112 to peer 0x118008000 (12 bytes)
1712764005.200210 sending message 112 to peer 0x118008000 (10 bytes)
1712764005.200217 sending message 112 to peer 0x118008000 (10 bytes)
1712764005.200223 sending message 112 to peer 0x118008000 (15 bytes)
1712764005.200230 sending message 112 to peer 0x118008000 (11 bytes)
1712764005.200237 sending message 112 to peer 0x118008000 (10 bytes)
1712764005.200243 sending message 112 to peer 0x118008000 (10 bytes)
1712764005.200250 sending message 112 to peer 0x118008000 (17 bytes)
1712764005.200262 sending message 112 to peer 0x118008000 (10 bytes)
1712764005.200268 sending message 112 to peer 0x118008000 (13 bytes)
1712764005.200276 sending message 112 to peer 0x118008000 (17 bytes)
1712764005.200282 sending message 112 to peer 0x118008000 (5 bytes)
1712764005.200289 sending message 112 to peer 0x118008000 (9 bytes)
1712764005.200295 sending message 112 to peer 0x118008000 (15 bytes)
1712764005.200303 sending message 104 to peer 0x118008000 (0 bytes)
1712764005.200310 sending message 110 to peer 0x118008000 (0 bytes)
1712764005.200316 sending message 107 to peer 0x118008000 (4 bytes)
1712764005.200323 sending message 105 to peer 0x118008000 (721 bytes)
1712764005.200329 sending message 105 to peer 0x118008000 (39 bytes)
1712764005.200335 sending message 105 to peer 0x118008000 (45 bytes)
1712764005.200341 sending message 105 to peer 0x118008000 (22 bytes)
1712764005.200347 sending message 105 to peer 0x118008000 (14 bytes)
1712764005.200353 sending message 105 to peer 0x118008000 (14 bytes)
1712764005.200368 sending message 105 to peer 0x118008000 (20 bytes)
1712764005.200375 sending message 105 to peer 0x118008000 (15 bytes)
1712764005.200382 sending message 105 to peer 0x118008000 (16 bytes)
1712764005.200388 sending message 105 to peer 0x118008000 (32 bytes)
1712764005.200394 sending message 105 to peer 0x118008000 (42 bytes)
1712764005.200401 sending message 105 to peer 0x118008000 (19 bytes)
1712764005.200407 sending message 105 to peer 0x118008000 (93 bytes)
1712764005.200420 sending message 105 to peer 0x118008000 (60 bytes)
1712764005.200438 sending message 105 to peer 0x118008000 (50 bytes)
1712764005.200445 sending message 105 to peer 0x118008000 (18 bytes)
1712764005.200451 sending message 105 to peer 0x118008000 (13 bytes)
1712764005.200458 sending message 105 to peer 0x118008000 (57 bytes)
1712764005.200464 sending message 105 to peer 0x118008000 (16 bytes)
1712764005.200470 sending message 105 to peer 0x118008000 (20 bytes)
1712764005.200476 sending message 105 to peer 0x118008000 (17 bytes)
1712764005.200487 sending message 105 to peer 0x118008000 (8 bytes)
1712764005.200494 sending message 105 to peer 0x118008000 (51 bytes)
1712764005.200500 sending message 105 to peer 0x118008000 (30 bytes)
1712764005.200507 sending message 105 to peer 0x118008000 (37 bytes)
1712764005.200514 sending message 105 to peer 0x118008000 (34 bytes)
1712764005.200521 sending message 105 to peer 0x118008000 (34 bytes)
1712764005.200528 sending message 105 to peer 0x118008000 (35 bytes)
1712764005.200535 sending message 105 to peer 0x118008000 (30 bytes)
1712764005.200541 sending message 105 to peer 0x118008000 (11 bytes)
1712764005.200547 sending message 105 to peer 0x118008000 (8 bytes)
1712764005.200554 sending message 105 to peer 0x118008000 (32 bytes)
1712764005.200559 sending message 105 to peer 0x118008000 (96 bytes)
1712764005.200565 sending message 105 to peer 0x118008000 (25 bytes)
1712764005.200572 sending message 105 to peer 0x118008000 (72 bytes)
1712764005.200578 sending message 105 to peer 0x118008000 (47 bytes)
1712764005.200584 sending message 105 to peer 0x118008000 (46 bytes)
1712764005.200591 sending message 105 to peer 0x118008000 (16 bytes)
1712764005.200597 sending message 105 to peer 0x118008000 (34 bytes)
1712764005.200603 sending message 105 to peer 0x118008000 (60 bytes)
1712764005.200609 sending message 105 to peer 0x118008000 (42 bytes)
1712764005.200614 sending message 105 to peer 0x118008000 (44 bytes)
1712764005.200620 sending message 105 to peer 0x118008000 (15 bytes)
1712764005.200626 sending message 105 to peer 0x118008000 (17 bytes)
1712764005.200632 sending message 105 to peer 0x118008000 (30 bytes)
1712764005.200638 sending message 105 to peer 0x118008000 (18 bytes)
1712764005.200645 sending message 105 to peer 0x118008000 (20 bytes)
1712764005.200651 sending message 105 to peer 0x118008000 (52 bytes)
1712764005.200657 sending message 105 to peer 0x118008000 (23 bytes)
1712764005.200663 sending message 105 to peer 0x118008000 (32 bytes)
1712764005.200669 sending message 105 to peer 0x118008000 (30 bytes)
1712764005.200675 sending message 105 to peer 0x118008000 (30 bytes)
1712764005.200681 sending message 105 to peer 0x118008000 (30 bytes)
1712764005.200687 sending message 105 to peer 0x118008000 (16 bytes)
1712764005.200694 sending message 105 to peer 0x118008000 (20 bytes)
1712764005.200700 sending message 105 to peer 0x118008000 (21 bytes)
1712764005.200706 sending message 105 to peer 0x118008000 (89 bytes)
1712764005.200715 sending message 105 to peer 0x118008000 (38 bytes)
1712764005.200723 sending message 105 to peer 0x118008000 (42 bytes)
1712764005.200729 sending message 105 to peer 0x118008000 (57 bytes)
1712764005.200735 sending message 105 to peer 0x118008000 (25 bytes)
1712764005.200741 sending message 106 to peer 0x118008000 (0 bytes)
1712764005.200797 sending message 200 to peer 0x118008000 (4 bytes)
1712764005.200804 client loop enter
1712764005.200821 client_signal: Child exited: 20
1712764005.277128 peer 0x118008000 message 207
1712764005.277142 sending message 208 to peer 0x118008000 (0 bytes)
1712764009.584683 peer 0x118008000 message 203
1712764009.584751 sending message 205 to peer 0x118008000 (0 bytes)
1712764009.585213 peer 0x118008000 message 204
1712764009.585243 client loop exit
